2026-04-26 07:21:49 | INFO     | Using device: cuda
2026-04-26 07:21:50 | INFO     | Loading data...
2026-04-26 07:21:51 | INFO     | Train batches: 11225, Test batches: 3021
2026-04-26 07:21:51 | INFO     | Model parameters — total: 35,412,411, trainable: 35,412,411
2026-04-26 07:21:51 | INFO     | Mixed precision (fp16): True
2026-04-26 07:31:17 | INFO     | Evaluating on test set...
2026-04-26 07:32:40 | INFO     | Epoch 1 | Train Loss: 0.3717 | Test Loss: 0.2466 | Test Acc: 0.9390 | Test Macro-F1: 0.5831 | Test Precision: 0.5846 | Test Recall: 0.5885 | Time: 566s
2026-04-26 07:32:41 | INFO     | New best model saved (Macro-F1: 0.5831)
2026-04-26 07:42:04 | INFO     | Evaluating on test set...
2026-04-26 07:43:27 | INFO     | Epoch 2 | Train Loss: 0.1420 | Test Loss: 0.2547 | Test Acc: 0.9422 | Test Macro-F1: 0.5974 | Test Precision: 0.6053 | Test Recall: 0.5975 | Time: 562s
2026-04-26 07:43:28 | INFO     | New best model saved (Macro-F1: 0.5974)
2026-04-26 07:52:50 | INFO     | Evaluating on test set...
2026-04-26 07:54:13 | INFO     | Epoch 3 | Train Loss: 0.0972 | Test Loss: 0.2694 | Test Acc: 0.9412 | Test Macro-F1: 0.6177 | Test Precision: 0.6207 | Test Recall: 0.6195 | Time: 562s
2026-04-26 07:54:14 | INFO     | New best model saved (Macro-F1: 0.6177)
2026-04-26 08:03:36 | INFO     | Evaluating on test set...
2026-04-26 08:05:00 | INFO     | Epoch 4 | Train Loss: 0.0691 | Test Loss: 0.3066 | Test Acc: 0.9411 | Test Macro-F1: 0.6066 | Test Precision: 0.6106 | Test Recall: 0.6148 | Time: 561s
2026-04-26 08:05:00 | INFO     | No improvement. Patience: 1/3
2026-04-26 08:14:21 | INFO     | Evaluating on test set...
2026-04-26 08:15:45 | INFO     | Epoch 5 | Train Loss: 0.0522 | Test Loss: 0.3175 | Test Acc: 0.9424 | Test Macro-F1: 0.6342 | Test Precision: 0.6550 | Test Recall: 0.6309 | Time: 561s
2026-04-26 08:15:46 | INFO     | New best model saved (Macro-F1: 0.6342)
2026-04-26 08:25:05 | INFO     | Evaluating on test set...
2026-04-26 08:26:28 | INFO     | Epoch 6 | Train Loss: 0.0419 | Test Loss: 0.3219 | Test Acc: 0.9423 | Test Macro-F1: 0.6376 | Test Precision: 0.6582 | Test Recall: 0.6342 | Time: 559s
2026-04-26 08:26:29 | INFO     | New best model saved (Macro-F1: 0.6376)
2026-04-26 08:26:29 | INFO     | Training complete. Best Macro-F1: 0.6376
2026-04-26 08:27:28 | INFO     | Using device: cuda
2026-04-26 08:27:28 | INFO     | Loading data...
2026-04-26 08:27:30 | INFO     | Train batches: 11225, Test batches: 3021
2026-04-26 08:27:30 | INFO     | Model parameters — total: 109,750,843, trainable: 109,750,843
2026-04-26 08:27:30 | INFO     | Mixed precision (fp16): True
2026-04-26 08:55:32 | INFO     | Evaluating on test set...
2026-04-26 09:00:04 | INFO     | Epoch 1 | Train Loss: 0.3386 | Test Loss: 0.2228 | Test Acc: 0.9460 | Test Macro-F1: 0.5947 | Test Precision: 0.6051 | Test Recall: 0.5975 | Time: 1681s
2026-04-26 09:00:06 | INFO     | New best model saved (Macro-F1: 0.5947)
2026-04-26 09:28:05 | INFO     | Evaluating on test set...
2026-04-26 09:32:37 | INFO     | Epoch 2 | Train Loss: 0.1421 | Test Loss: 0.2351 | Test Acc: 0.9436 | Test Macro-F1: 0.6045 | Test Precision: 0.6140 | Test Recall: 0.6068 | Time: 1679s
2026-04-26 09:32:39 | INFO     | New best model saved (Macro-F1: 0.6045)
2026-04-26 10:00:47 | INFO     | Evaluating on test set...
2026-04-26 10:05:19 | INFO     | Epoch 3 | Train Loss: 0.0991 | Test Loss: 0.2512 | Test Acc: 0.9448 | Test Macro-F1: 0.6168 | Test Precision: 0.6259 | Test Recall: 0.6165 | Time: 1688s
2026-04-26 10:05:22 | INFO     | New best model saved (Macro-F1: 0.6168)
2026-04-26 10:33:22 | INFO     | Evaluating on test set...
2026-04-26 10:37:55 | INFO     | Epoch 4 | Train Loss: 0.0708 | Test Loss: 0.2983 | Test Acc: 0.9430 | Test Macro-F1: 0.6148 | Test Precision: 0.6230 | Test Recall: 0.6169 | Time: 1681s
2026-04-26 10:37:56 | INFO     | No improvement. Patience: 1/3
2026-04-26 11:05:56 | INFO     | Evaluating on test set...
2026-04-26 11:10:29 | INFO     | Epoch 5 | Train Loss: 0.0530 | Test Loss: 0.3128 | Test Acc: 0.9436 | Test Macro-F1: 0.6312 | Test Precision: 0.6462 | Test Recall: 0.6302 | Time: 1680s
2026-04-26 11:10:32 | INFO     | New best model saved (Macro-F1: 0.6312)
2026-04-26 11:38:22 | INFO     | Evaluating on test set...
2026-04-26 11:42:55 | INFO     | Epoch 6 | Train Loss: 0.0440 | Test Loss: 0.3180 | Test Acc: 0.9413 | Test Macro-F1: 0.6131 | Test Precision: 0.6205 | Test Recall: 0.6192 | Time: 1670s
2026-04-26 11:42:57 | INFO     | No improvement. Patience: 1/3
2026-04-26 11:42:57 | INFO     | Training complete. Best Macro-F1: 0.6312
2026-04-26 11:43:55 | INFO     | Using device: cuda
2026-04-26 11:43:55 | INFO     | Loading data...
2026-04-26 11:43:56 | INFO     | Train batches: 11225, Test batches: 3021
2026-04-26 11:43:58 | INFO     | Model parameters — total: 124,789,435, trainable: 124,789,435
2026-04-26 11:43:58 | INFO     | Mixed precision (fp16): True
2026-04-26 12:05:58 | INFO     | Evaluating on test set...
2026-04-26 12:10:06 | INFO     | Epoch 1 | Train Loss: 0.3109 | Test Loss: 0.2423 | Test Acc: 0.9391 | Test Macro-F1: 0.5672 | Test Precision: 0.5720 | Test Recall: 0.5704 | Time: 1320s
2026-04-26 12:10:09 | INFO     | New best model saved (Macro-F1: 0.5672)
2026-04-26 12:31:53 | INFO     | Evaluating on test set...
2026-04-26 12:35:59 | INFO     | Epoch 2 | Train Loss: 0.1794 | Test Loss: 0.2752 | Test Acc: 0.9383 | Test Macro-F1: 0.5856 | Test Precision: 0.5991 | Test Recall: 0.5905 | Time: 1305s
2026-04-26 12:36:02 | INFO     | New best model saved (Macro-F1: 0.5856)
2026-04-26 12:57:41 | INFO     | Evaluating on test set...
2026-04-26 13:01:47 | INFO     | Epoch 3 | Train Loss: 0.1539 | Test Loss: 0.2653 | Test Acc: 0.9391 | Test Macro-F1: 0.5942 | Test Precision: 0.5961 | Test Recall: 0.5998 | Time: 1299s
2026-04-26 13:01:51 | INFO     | New best model saved (Macro-F1: 0.5942)
2026-04-26 13:23:30 | INFO     | Evaluating on test set...
2026-04-26 13:27:36 | INFO     | Epoch 4 | Train Loss: 0.1365 | Test Loss: 0.2552 | Test Acc: 0.9400 | Test Macro-F1: 0.6047 | Test Precision: 0.6156 | Test Recall: 0.6080 | Time: 1299s
2026-04-26 13:27:39 | INFO     | New best model saved (Macro-F1: 0.6047)
2026-04-26 13:49:31 | INFO     | Evaluating on test set...
2026-04-26 13:53:36 | INFO     | Epoch 5 | Train Loss: 0.1183 | Test Loss: 0.2748 | Test Acc: 0.9402 | Test Macro-F1: 0.6007 | Test Precision: 0.6080 | Test Recall: 0.6068 | Time: 1312s
2026-04-26 13:53:37 | INFO     | No improvement. Patience: 1/3
2026-04-26 14:15:17 | INFO     | Evaluating on test set...
2026-04-26 14:19:23 | INFO     | Epoch 6 | Train Loss: 0.1071 | Test Loss: 0.2819 | Test Acc: 0.9408 | Test Macro-F1: 0.6142 | Test Precision: 0.6190 | Test Recall: 0.6175 | Time: 1299s
2026-04-26 14:19:26 | INFO     | New best model saved (Macro-F1: 0.6142)
2026-04-26 14:19:26 | INFO     | Training complete. Best Macro-F1: 0.6142
2026-04-26 14:20:33 | INFO     | Using device: cuda
2026-04-26 14:20:33 | INFO     | Loading data...
2026-04-26 14:20:34 | INFO     | Train batches: 11225, Test batches: 3021
2026-04-26 14:20:35 | INFO     | Model parameters — total: 124,789,435, trainable: 124,789,435
2026-04-26 14:20:35 | INFO     | Mixed precision (fp16): True
2026-04-26 14:42:26 | INFO     | Evaluating on test set...
2026-04-26 14:46:34 | INFO     | Epoch 1 | Train Loss: 0.2632 | Test Loss: 0.2385 | Test Acc: 0.9443 | Test Macro-F1: 0.5989 | Test Precision: 0.6073 | Test Recall: 0.6016 | Time: 1311s
2026-04-26 14:46:37 | INFO     | New best model saved (Macro-F1: 0.5989)
2026-04-26 15:08:22 | INFO     | Evaluating on test set...
2026-04-26 15:12:29 | INFO     | Epoch 2 | Train Loss: 0.1475 | Test Loss: 0.2482 | Test Acc: 0.9415 | Test Macro-F1: 0.6115 | Test Precision: 0.6237 | Test Recall: 0.6131 | Time: 1305s
2026-04-26 15:12:32 | INFO     | New best model saved (Macro-F1: 0.6115)
2026-04-26 15:34:18 | INFO     | Evaluating on test set...
2026-04-26 15:38:24 | INFO     | Epoch 3 | Train Loss: 0.1191 | Test Loss: 0.2871 | Test Acc: 0.9415 | Test Macro-F1: 0.6209 | Test Precision: 0.6291 | Test Recall: 0.6224 | Time: 1306s
2026-04-26 15:38:27 | INFO     | New best model saved (Macro-F1: 0.6209)
2026-04-26 16:00:05 | INFO     | Evaluating on test set...
2026-04-26 16:04:11 | INFO     | Epoch 4 | Train Loss: 0.0993 | Test Loss: 0.2884 | Test Acc: 0.9418 | Test Macro-F1: 0.6292 | Test Precision: 0.6427 | Test Recall: 0.6302 | Time: 1298s
2026-04-26 16:04:14 | INFO     | New best model saved (Macro-F1: 0.6292)
2026-04-26 16:25:54 | INFO     | Evaluating on test set...
2026-04-26 16:29:58 | INFO     | Epoch 5 | Train Loss: 1.4488 | Test Loss: 3.5850 | Test Acc: 0.1061 | Test Macro-F1: 0.0041 | Test Precision: 0.0025 | Test Recall: 0.0144 | Time: 1300s
2026-04-26 16:29:59 | INFO     | No improvement. Patience: 1/3
2026-04-26 16:51:39 | INFO     | Evaluating on test set...
2026-04-26 16:55:43 | INFO     | Epoch 6 | Train Loss: 3.5465 | Test Loss: 3.7921 | Test Acc: 0.0885 | Test Macro-F1: 0.0012 | Test Precision: 0.0006 | Test Recall: 0.0072 | Time: 1300s
2026-04-26 16:55:45 | INFO     | No improvement. Patience: 2/3
2026-04-26 16:55:45 | INFO     | Training complete. Best Macro-F1: 0.6292
