2026-04-29 16:46:02 | INFO     | Using device: cuda
2026-04-29 16:46:02 | INFO     | Loading data...
2026-04-29 16:46:05 | INFO     | Train batches: 2586, Test batches: 702
2026-04-29 16:46:06 | INFO     | Model parameters — total: 6,537,335, trainable: 6,537,335
2026-04-29 16:46:06 | INFO     | Mixed precision (fp16): True
2026-04-29 17:06:35 | INFO     | Evaluating on test set...
2026-04-29 17:09:24 | INFO     | Epoch 1 | Train Loss: 0.1860 | Test Loss: 0.0124 | Test Acc: 0.9974 | Test Macro-F1: 0.9521 | Test Precision: 0.9516 | Test Recall: 0.9529 | Time: 1229s
2026-04-29 17:09:25 | INFO     | New best model saved (Macro-F1: 0.9521)
2026-04-29 17:29:01 | INFO     | Evaluating on test set...
2026-04-29 17:31:40 | INFO     | Epoch 2 | Train Loss: 0.0085 | Test Loss: 0.0110 | Test Acc: 0.9974 | Test Macro-F1: 0.9753 | Test Precision: 0.9755 | Test Recall: 0.9751 | Time: 1176s
2026-04-29 17:31:40 | INFO     | New best model saved (Macro-F1: 0.9753)
2026-04-29 17:51:44 | INFO     | Evaluating on test set...
2026-04-29 17:54:25 | INFO     | Epoch 3 | Train Loss: 0.0054 | Test Loss: 0.0093 | Test Acc: 0.9976 | Test Macro-F1: 0.9645 | Test Precision: 0.9651 | Test Recall: 0.9639 | Time: 1204s
2026-04-29 17:54:25 | INFO     | No improvement. Patience: 1/3
2026-04-29 18:10:48 | INFO     | Evaluating on test set...
2026-04-29 18:11:21 | INFO     | Epoch 4 | Train Loss: 0.0047 | Test Loss: 0.0363 | Test Acc: 0.9906 | Test Macro-F1: 0.9375 | Test Precision: 0.9370 | Test Recall: 0.9389 | Time: 983s
2026-04-29 18:11:21 | INFO     | No improvement. Patience: 2/3
2026-04-29 18:14:39 | INFO     | Evaluating on test set...
2026-04-29 18:15:14 | INFO     | Epoch 5 | Train Loss: 0.0037 | Test Loss: 0.0142 | Test Acc: 0.9967 | Test Macro-F1: 0.9767 | Test Precision: 0.9766 | Test Recall: 0.9875 | Time: 197s
2026-04-29 18:15:14 | INFO     | New best model saved (Macro-F1: 0.9767)
2026-04-29 18:18:32 | INFO     | Evaluating on test set...
2026-04-29 18:19:06 | INFO     | Epoch 6 | Train Loss: 0.0026 | Test Loss: 0.0088 | Test Acc: 0.9982 | Test Macro-F1: 0.9990 | Test Precision: 0.9991 | Test Recall: 0.9990 | Time: 198s
2026-04-29 18:19:06 | INFO     | New best model saved (Macro-F1: 0.9990)
2026-04-29 18:22:30 | INFO     | Evaluating on test set...
2026-04-29 18:23:06 | INFO     | Epoch 7 | Train Loss: 0.0049 | Test Loss: 0.0082 | Test Acc: 0.9984 | Test Macro-F1: 0.9990 | Test Precision: 0.9991 | Test Recall: 0.9991 | Time: 203s
2026-04-29 18:23:06 | INFO     | New best model saved (Macro-F1: 0.9990)
2026-04-29 18:26:29 | INFO     | Evaluating on test set...
2026-04-29 18:27:04 | INFO     | Epoch 8 | Train Loss: 0.0025 | Test Loss: 0.0092 | Test Acc: 0.9982 | Test Macro-F1: 0.9992 | Test Precision: 0.9993 | Test Recall: 0.9990 | Time: 204s
2026-04-29 18:27:04 | INFO     | New best model saved (Macro-F1: 0.9992)
2026-04-29 18:30:28 | INFO     | Evaluating on test set...
2026-04-29 18:31:02 | INFO     | Epoch 9 | Train Loss: 0.0024 | Test Loss: 0.0098 | Test Acc: 0.9982 | Test Macro-F1: 0.9992 | Test Precision: 0.9995 | Test Recall: 0.9990 | Time: 204s
2026-04-29 18:31:03 | INFO     | New best model saved (Macro-F1: 0.9992)
2026-04-29 18:34:23 | INFO     | Evaluating on test set...
2026-04-29 18:34:58 | INFO     | Epoch 10 | Train Loss: 0.0039 | Test Loss: 0.0080 | Test Acc: 0.9982 | Test Macro-F1: 0.9993 | Test Precision: 0.9997 | Test Recall: 0.9990 | Time: 200s
2026-04-29 18:34:58 | INFO     | New best model saved (Macro-F1: 0.9993)
2026-04-29 18:34:58 | INFO     | Training complete. Best Macro-F1: 0.9993
